<?xml version="1.0" encoding="UTF-8"?>
<!-- Generated by org.testng.reporters.JUnitReportReporter -->
<testsuite hostname="JKTNOLAP622" failures="0" tests="1" name="com.jktech.test.LoginTest" time="29.472" errors="0" timestamp="6 Jul 2022 06:05:55 GMT">
  <testcase classname="com.jktech.test.LoginTest" name="login" time="29.472"/>
</testsuite> <!-- com.jktech.test.LoginTest -->
