<?xml version="1.0" encoding="UTF-8"?>
<!-- Generated by org.testng.reporters.JUnitReportReporter -->
<testsuite hostname="JKTNOLAP622" failures="0" tests="1" name="com.jktech.test.Login" time="28.383" errors="0" timestamp="6 Jul 2022 07:11:02 GMT">
  <testcase classname="com.jktech.test.Login" name="login" time="28.383"/>
</testsuite> <!-- com.jktech.test.Login -->
